<?xml version="1.0" encoding="UTF-8"?>
<!-- Generated by org.testng.reporters.JUnitReportReporter -->
<testsuite hostname="Rajnis-MacBook-Pro.local" failures="0" tests="3" name="com.testng.annotationsTest" time="0.013" errors="0" timestamp="2021-09-28T16:29:35 PDT" skipped="0">
  <testcase classname="com.testng.annotationsTest" name="testThreeMthd" time="0.004"/>
  <system-out/>
  <testcase classname="com.testng.annotationsTest" name="testOneMthd" time="0.005"/>
  <system-out/>
  <testcase classname="com.testng.annotationsTest" name="testTwoMthd" time="0.004"/>
  <system-out/>
</testsuite> <!-- com.testng.annotationsTest -->
