<?xml version="1.0" encoding="UTF-8"?>
<!-- Generated by org.testng.reporters.JUnitReportReporter -->
<testsuite hostname="Rajnis-MacBook-Pro.local" failures="0" tests="1" name="com.testng.yahooLoginTest" time="8.445" errors="0" timestamp="2021-09-27T16:20:57 PDT" skipped="0">
  <testcase classname="com.testng.yahooLoginTest" name="launchUrlAndLogin" time="8.445"/>
  <system-out/>
</testsuite> <!-- com.testng.yahooLoginTest -->
