<?xml version="1.0" encoding="UTF-8"?>
<!-- Generated by org.testng.reporters.JUnitReportReporter -->
<testsuite hostname="Rajnis-MacBook-Pro.local" failures="0" tests="6" name="com.testng.CreateLeadFinalTest" time="106.244" errors="0" timestamp="2021-10-04T01:01:07 PDT" skipped="0">
  <testcase classname="com.testng.CreateLeadFinalTest" name="createLead" time="16.522"/>
  <system-out/>
  <testcase classname="com.testng.CreateLeadFinalTest" name="createLead" time="18.593"/>
  <system-out/>
  <testcase classname="com.testng.CreateLeadFinalTest" name="createLead" time="16.478"/>
  <system-out/>
  <testcase classname="com.testng.CreateLeadFinalTest" name="createLead" time="17.833"/>
  <system-out/>
  <testcase classname="com.testng.CreateLeadFinalTest" name="createLead" time="18.195"/>
  <system-out/>
  <testcase classname="com.testng.CreateLeadFinalTest" name="createLead" time="18.623"/>
  <system-out/>
</testsuite> <!-- com.testng.CreateLeadFinalTest -->
