<?xml version="1.0" encoding="UTF-8"?>
<!-- Generated by org.testng.reporters.JUnitReportReporter -->
<testsuite hostname="Rajnis-MacBook-Pro.local" failures="0" tests="6" name="com.testng.createLeadUsingWrapperTest" time="40.934" errors="0" timestamp="2021-09-30T08:31:14 PDT" skipped="0">
  <testcase classname="com.testng.createLeadUsingWrapperTest" name="test" time="7.155"/>
  <system-out/>
  <testcase classname="com.testng.createLeadUsingWrapperTest" name="test" time="6.732"/>
  <system-out/>
  <testcase classname="com.testng.createLeadUsingWrapperTest" name="test" time="6.126"/>
  <system-out/>
  <testcase classname="com.testng.createLeadUsingWrapperTest" name="test" time="6.524"/>
  <system-out/>
  <testcase classname="com.testng.createLeadUsingWrapperTest" name="test" time="6.519"/>
  <system-out/>
  <testcase classname="com.testng.createLeadUsingWrapperTest" name="test" time="7.878"/>
  <system-out/>
</testsuite> <!-- com.testng.createLeadUsingWrapperTest -->
