<?xml version="1.0" encoding="UTF-8"?>
<!-- Generated by org.testng.reporters.JUnitReportReporter -->
<testsuite hostname="Rajnis-MacBook-Pro.local" failures="0" tests="6" name="com.testng.CreateLeadTest" time="42.600" errors="0" timestamp="2021-09-28T22:44:17 PDT" skipped="0">
  <testcase classname="com.testng.CreateLeadTest" name="test" time="9.911"/>
  <system-out/>
  <testcase classname="com.testng.CreateLeadTest" name="test" time="6.505"/>
  <system-out/>
  <testcase classname="com.testng.CreateLeadTest" name="test" time="6.552"/>
  <system-out/>
  <testcase classname="com.testng.CreateLeadTest" name="test" time="7.101"/>
  <system-out/>
  <testcase classname="com.testng.CreateLeadTest" name="test" time="6.386"/>
  <system-out/>
  <testcase classname="com.testng.CreateLeadTest" name="test" time="6.145"/>
  <system-out/>
</testsuite> <!-- com.testng.CreateLeadTest -->
