<?xml version="1.0" encoding="UTF-8"?>
<!-- Generated by org.testng.reporters.JUnitReportReporter -->
<testsuite hostname="Rajnis-MacBook-Pro.local" failures="0" tests="6" name="com.testng.createLeadUsingWrapperTest" time="47.188" errors="0" timestamp="2021-09-30T22:40:01 PDT" skipped="0">
  <testcase classname="com.testng.createLeadUsingWrapperTest" name="test" time="8.749"/>
  <system-out/>
  <testcase classname="com.testng.createLeadUsingWrapperTest" name="test" time="8.011"/>
  <system-out/>
  <testcase classname="com.testng.createLeadUsingWrapperTest" name="test" time="7.944"/>
  <system-out/>
  <testcase classname="com.testng.createLeadUsingWrapperTest" name="test" time="7.796"/>
  <system-out/>
  <testcase classname="com.testng.createLeadUsingWrapperTest" name="test" time="6.522"/>
  <system-out/>
  <testcase classname="com.testng.createLeadUsingWrapperTest" name="test" time="8.166"/>
  <system-out/>
</testsuite> <!-- com.testng.createLeadUsingWrapperTest -->
