<?xml version="1.0" encoding="UTF-8"?>
<!-- Generated by org.testng.reporters.JUnitReportReporter -->
<testsuite hostname="Rajnis-MacBook-Pro.local" failures="0" tests="1" name="vanillaScript.Ndtv" time="20.061" errors="0" timestamp="2021-10-04T01:05:09 PDT" skipped="0">
  <testcase classname="vanillaScript.Ndtv" name="vanillaScript" time="20.061"/>
  <system-out/>
</testsuite> <!-- vanillaScript.Ndtv -->
