<?xml version="1.0" encoding="UTF-8"?>
<!-- Generated by org.testng.reporters.JUnitReportReporter -->
<testsuite hostname="Rajnis-MacBook-Pro.local" failures="0" tests="1" name="com.testng.WeatherTest" time="16.089" errors="0" timestamp="2021-10-04T14:39:27 PDT" skipped="0">
  <testcase classname="com.testng.WeatherTest" name="weatherTest" time="16.089"/>
  <system-out/>
</testsuite> <!-- com.testng.WeatherTest -->
